2002.06.06 09:35 B E:\NSBCE 4\Documentation\BigRedToolbox\samples\images\VUmeter.JPG <-- nsbasic /home/nsbasic/public_html/ce/info/nsbce/BigRedToolbox/samples/images VUmeter.JPG
2002.06.06 09:35 B E:\NSBCE 4\Documentation\BigRedToolbox\samples\images\TreeEx2.JPG <-- nsbasic /home/nsbasic/public_html/ce/info/nsbce/BigRedToolbox/samples/images TreeEx2.JPG
2002.06.06 09:35 B E:\NSBCE 4\Documentation\BigRedToolbox\samples\images\TreeEx.JPG <-- nsbasic /home/nsbasic/public_html/ce/info/nsbce/BigRedToolbox/samples/images TreeEx.JPG
2002.06.06 09:35 B E:\NSBCE 4\Documentation\BigRedToolbox\samples\images\Tray.JPG <-- nsbasic /home/nsbasic/public_html/ce/info/nsbce/BigRedToolbox/samples/images Tray.JPG
2002.06.06 09:35 B E:\NSBCE 4\Documentation\BigRedToolbox\samples\images\Trackbar.JPG <-- nsbasic /home/nsbasic/public_html/ce/info/nsbce/BigRedToolbox/samples/images Trackbar.JPG
2002.06.06 09:35 B E:\NSBCE 4\Documentation\BigRedToolbox\samples\images\Timer.JPG <-- nsbasic /home/nsbasic/public_html/ce/info/nsbce/BigRedToolbox/samples/images Timer.JPG
2002.06.06 09:35 B E:\NSBCE 4\Documentation\BigRedToolbox\samples\images\StatusBar.JPG <-- nsbasic /home/nsbasic/public_html/ce/info/nsbce/BigRedToolbox/samples/images StatusBar.JPG
2002.06.06 09:35 B E:\NSBCE 4\Documentation\BigRedToolbox\samples\images\Scrollbar.JPG <-- nsbasic /home/nsbasic/public_html/ce/info/nsbce/BigRedToolbox/samples/images Scrollbar.JPG
2002.06.06 09:35 B E:\NSBCE 4\Documentation\BigRedToolbox\samples\images\S309UserNotification2.JPG <-- nsbasic /home/nsbasic/public_html/ce/info/nsbce/BigRedToolbox/samples/images S309UserNotification2.JPG
2002.06.06 09:35 B E:\NSBCE 4\Documentation\BigRedToolbox\samples\images\S309UserNotification1.JPG <-- nsbasic /home/nsbasic/public_html/ce/info/nsbce/BigRedToolbox/samples/images S309UserNotification1.JPG
2002.06.06 09:35 B E:\NSBCE 4\Documentation\BigRedToolbox\samples\images\S309Timer.JPG <-- nsbasic /home/nsbasic/public_html/ce/info/nsbce/BigRedToolbox/samples/images S309Timer.JPG
2002.06.06 09:35 B E:\NSBCE 4\Documentation\BigRedToolbox\samples\images\S309PyramidSolitare.JPG <-- nsbasic /home/nsbasic/public_html/ce/info/nsbce/BigRedToolbox/samples/images S309PyramidSolitare.JPG
2002.06.06 09:35 B E:\NSBCE 4\Documentation\BigRedToolbox\samples\images\S309PlayingCard.JPG <-- nsbasic /home/nsbasic/public_html/ce/info/nsbce/BigRedToolbox/samples/images S309PlayingCard.JPG
2002.06.06 09:35 B E:\NSBCE 4\Documentation\BigRedToolbox\samples\images\S309PictureBoxResource2.JPG <-- nsbasic /home/nsbasic/public_html/ce/info/nsbce/BigRedToolbox/samples/images S309PictureBoxResource2.JPG
2002.06.06 09:35 B E:\NSBCE 4\Documentation\BigRedToolbox\samples\images\S309PictureBoxResource1.JPG <-- nsbasic /home/nsbasic/public_html/ce/info/nsbce/BigRedToolbox/samples/images S309PictureBoxResource1.JPG
2002.06.06 09:35 B E:\NSBCE 4\Documentation\BigRedToolbox\samples\images\S309PictureBoxPlayingCard.JPG <-- nsbasic /home/nsbasic/public_html/ce/info/nsbce/BigRedToolbox/samples/images S309PictureBoxPlayingCard.JPG
2002.06.06 09:35 B E:\NSBCE 4\Documentation\BigRedToolbox\samples\images\S309PictureBoxDrawing.JPG <-- nsbasic /home/nsbasic/public_html/ce/info/nsbce/BigRedToolbox/samples/images S309PictureBoxDrawing.JPG
2002.06.06 09:35 B E:\NSBCE 4\Documentation\BigRedToolbox\samples\images\S309PictureBoxCapture.JPG <-- nsbasic /home/nsbasic/public_html/ce/info/nsbce/BigRedToolbox/samples/images S309PictureBoxCapture.JPG
2002.06.06 09:35 B E:\NSBCE 4\Documentation\BigRedToolbox\samples\images\S309PictureBoxBitmap2.JPG <-- nsbasic /home/nsbasic/public_html/ce/info/nsbce/BigRedToolbox/samples/images S309PictureBoxBitmap2.JPG
2002.06.06 09:35 B E:\NSBCE 4\Documentation\BigRedToolbox\samples\images\S309PictureBoxBitmap1.JPG <-- nsbasic /home/nsbasic/public_html/ce/info/nsbce/BigRedToolbox/samples/images S309PictureBoxBitmap1.JPG
2002.06.06 09:35 B E:\NSBCE 4\Documentation\BigRedToolbox\samples\images\S309PictureBox.JPG <-- nsbasic /home/nsbasic/public_html/ce/info/nsbce/BigRedToolbox/samples/images S309PictureBox.JPG
2002.06.06 09:35 B E:\NSBCE 4\Documentation\BigRedToolbox\samples\images\RichEdit.JPG <-- nsbasic /home/nsbasic/public_html/ce/info/nsbce/BigRedToolbox/samples/images RichEdit.JPG
2002.06.06 09:35 B E:\NSBCE 4\Documentation\BigRedToolbox\samples\images\RAStest.JPG <-- nsbasic /home/nsbasic/public_html/ce/info/nsbce/BigRedToolbox/samples/images RAStest.JPG
2002.06.06 09:35 B E:\NSBCE 4\Documentation\BigRedToolbox\samples\images\Progress.JPG <-- nsbasic /home/nsbasic/public_html/ce/info/nsbce/BigRedToolbox/samples/images Progress.JPG
2002.06.06 09:35 B E:\NSBCE 4\Documentation\BigRedToolbox\samples\images\Popup.JPG <-- nsbasic /home/nsbasic/public_html/ce/info/nsbce/BigRedToolbox/samples/images Popup.JPG
2002.06.06 09:35 B E:\NSBCE 4\Documentation\BigRedToolbox\samples\images\MailTest.JPG <-- nsbasic /home/nsbasic/public_html/ce/info/nsbce/BigRedToolbox/samples/images MailTest.JPG
2002.06.06 09:35 B E:\NSBCE 4\Documentation\BigRedToolbox\samples\images\Login.JPG <-- nsbasic /home/nsbasic/public_html/ce/info/nsbce/BigRedToolbox/samples/images Login.JPG
2002.06.06 09:35 B E:\NSBCE 4\Documentation\BigRedToolbox\samples\images\ListView.JPG <-- nsbasic /home/nsbasic/public_html/ce/info/nsbce/BigRedToolbox/samples/images ListView.JPG
2002.06.06 09:35 B E:\NSBCE 4\Documentation\BigRedToolbox\samples\images\IPaddress.JPG <-- nsbasic /home/nsbasic/public_html/ce/info/nsbce/BigRedToolbox/samples/images IPaddress.JPG
2002.06.06 09:35 B E:\NSBCE 4\Documentation\BigRedToolbox\samples\images\Inkpad.JPG <-- nsbasic /home/nsbasic/public_html/ce/info/nsbce/BigRedToolbox/samples/images Inkpad.JPG
2002.06.06 09:35 B E:\NSBCE 4\Documentation\BigRedToolbox\samples\images\HTML3.JPG <-- nsbasic /home/nsbasic/public_html/ce/info/nsbce/BigRedToolbox/samples/images HTML3.JPG
2002.06.06 09:36 B E:\NSBCE 4\Documentation\BigRedToolbox\samples\images\HTML2.JPG <-- nsbasic /home/nsbasic/public_html/ce/info/nsbce/BigRedToolbox/samples/images HTML2.JPG
2002.06.06 09:36 B E:\NSBCE 4\Documentation\BigRedToolbox\samples\images\HTML1.JPG <-- nsbasic /home/nsbasic/public_html/ce/info/nsbce/BigRedToolbox/samples/images HTML1.JPG
2002.06.06 09:36 B E:\NSBCE 4\Documentation\BigRedToolbox\samples\images\HelloDialog.JPG <-- nsbasic /home/nsbasic/public_html/ce/info/nsbce/BigRedToolbox/samples/images HelloDialog.JPG
2002.06.06 09:36 B E:\NSBCE 4\Documentation\BigRedToolbox\samples\images\find.JPG <-- nsbasic /home/nsbasic/public_html/ce/info/nsbce/BigRedToolbox/samples/images find.JPG
2002.06.06 09:36 B E:\NSBCE 4\Documentation\BigRedToolbox\samples\images\DialogX2.JPG <-- nsbasic /home/nsbasic/public_html/ce/info/nsbce/BigRedToolbox/samples/images DialogX2.JPG
2002.06.06 09:36 B E:\NSBCE 4\Documentation\BigRedToolbox\samples\images\DialogX1.JPG <-- nsbasic /home/nsbasic/public_html/ce/info/nsbce/BigRedToolbox/samples/images DialogX1.JPG
2002.06.06 09:36 B E:\NSBCE 4\Documentation\BigRedToolbox\samples\images\CETweak.JPG <-- nsbasic /home/nsbasic/public_html/ce/info/nsbce/BigRedToolbox/samples/images CETweak.JPG
