2002.06.06 09:37 B E:\NSBCE 4\Documentation\BigRedToolbox\S309UserNotification.htm <-- nsbasic /home/nsbasic/public_html/ce/info/nsbce/BigRedToolbox S309UserNotification.htm
2002.06.06 09:37 B E:\NSBCE 4\Documentation\BigRedToolbox\S309Timer.htm <-- nsbasic /home/nsbasic/public_html/ce/info/nsbce/BigRedToolbox S309Timer.htm
2002.06.06 09:37 B E:\NSBCE 4\Documentation\BigRedToolbox\S309PictureBox.htm <-- nsbasic /home/nsbasic/public_html/ce/info/nsbce/BigRedToolbox S309PictureBox.htm
2002.06.06 09:37 B E:\NSBCE 4\Documentation\BigRedToolbox\MGCEWin32.htm <-- nsbasic /home/nsbasic/public_html/ce/info/nsbce/BigRedToolbox MGCEWin32.htm
2002.06.06 09:37 B E:\NSBCE 4\Documentation\BigRedToolbox\MGCETreeView.htm <-- nsbasic /home/nsbasic/public_html/ce/info/nsbce/BigRedToolbox MGCETreeView.htm
2002.06.06 09:37 B E:\NSBCE 4\Documentation\BigRedToolbox\MGCERichInk.htm <-- nsbasic /home/nsbasic/public_html/ce/info/nsbce/BigRedToolbox MGCERichInk.htm
2002.06.06 09:37 B E:\NSBCE 4\Documentation\BigRedToolbox\MGCERichEdit.htm <-- nsbasic /home/nsbasic/public_html/ce/info/nsbce/BigRedToolbox MGCERichEdit.htm
2002.06.06 09:37 B E:\NSBCE 4\Documentation\BigRedToolbox\MGCENet.htm <-- nsbasic /home/nsbasic/public_html/ce/info/nsbce/BigRedToolbox MGCENet.htm
2002.06.06 09:37 B E:\NSBCE 4\Documentation\BigRedToolbox\MGCEMail.htm <-- nsbasic /home/nsbasic/public_html/ce/info/nsbce/BigRedToolbox MGCEMail.htm
2002.06.06 09:37 B E:\NSBCE 4\Documentation\BigRedToolbox\MGCEListView.htm <-- nsbasic /home/nsbasic/public_html/ce/info/nsbce/BigRedToolbox MGCEListView.htm
2002.06.06 09:37 B E:\NSBCE 4\Documentation\BigRedToolbox\MGCEBarsNPops.htm <-- nsbasic /home/nsbasic/public_html/ce/info/nsbce/BigRedToolbox MGCEBarsNPops.htm
2002.06.06 09:37 B E:\NSBCE 4\Documentation\BigRedToolbox\ipworkssamples.htm <-- nsbasic /home/nsbasic/public_html/ce/info/nsbce/BigRedToolbox ipworkssamples.htm
2002.06.06 09:37 B E:\NSBCE 4\Documentation\BigRedToolbox\ipworks.htm <-- nsbasic /home/nsbasic/public_html/ce/info/nsbce/BigRedToolbox ipworks.htm
2002.06.06 09:37 B E:\NSBCE 4\Documentation\BigRedToolbox\index.htm <-- nsbasic /home/nsbasic/public_html/ce/info/nsbce/BigRedToolbox index.htm
2002.06.06 09:37 B E:\NSBCE 4\Documentation\BigRedToolbox\EZsetup.htm <-- nsbasic /home/nsbasic/public_html/ce/info/nsbce/BigRedToolbox EZsetup.htm
2002.06.06 09:37 B E:\NSBCE 4\Documentation\BigRedToolbox\DialogX.htm <-- nsbasic /home/nsbasic/public_html/ce/info/nsbce/BigRedToolbox DialogX.htm
2002.06.06 09:37 B E:\NSBCE 4\Documentation\BigRedToolbox\ctl_UDPPort.htm <-- nsbasic /home/nsbasic/public_html/ce/info/nsbce/BigRedToolbox ctl_UDPPort.htm
2002.06.06 09:37 B E:\NSBCE 4\Documentation\BigRedToolbox\ctl_Telnet.htm <-- nsbasic /home/nsbasic/public_html/ce/info/nsbce/BigRedToolbox ctl_Telnet.htm
2002.06.06 09:37 B E:\NSBCE 4\Documentation\BigRedToolbox\ctl_SNPP.htm <-- nsbasic /home/nsbasic/public_html/ce/info/nsbce/BigRedToolbox ctl_SNPP.htm
2002.06.06 09:37 B E:\NSBCE 4\Documentation\BigRedToolbox\ctl_SNMP.htm <-- nsbasic /home/nsbasic/public_html/ce/info/nsbce/BigRedToolbox ctl_SNMP.htm
2002.06.06 09:37 B E:\NSBCE 4\Documentation\BigRedToolbox\ctl_SMTP.htm <-- nsbasic /home/nsbasic/public_html/ce/info/nsbce/BigRedToolbox ctl_SMTP.htm
2002.06.06 09:37 B E:\NSBCE 4\Documentation\BigRedToolbox\ctl_Rshell.htm <-- nsbasic /home/nsbasic/public_html/ce/info/nsbce/BigRedToolbox ctl_Rshell.htm
2002.06.06 09:37 B E:\NSBCE 4\Documentation\BigRedToolbox\ctl_Rexec.htm <-- nsbasic /home/nsbasic/public_html/ce/info/nsbce/BigRedToolbox ctl_Rexec.htm
2002.06.06 09:37 B E:\NSBCE 4\Documentation\BigRedToolbox\ctl_POP.htm <-- nsbasic /home/nsbasic/public_html/ce/info/nsbce/BigRedToolbox ctl_POP.htm
2002.06.06 09:37 B E:\NSBCE 4\Documentation\BigRedToolbox\ctl_NNTP.htm <-- nsbasic /home/nsbasic/public_html/ce/info/nsbce/BigRedToolbox ctl_NNTP.htm
2002.06.06 09:37 B E:\NSBCE 4\Documentation\BigRedToolbox\ctl_NetDial.htm <-- nsbasic /home/nsbasic/public_html/ce/info/nsbce/BigRedToolbox ctl_NetDial.htm
2002.06.06 09:37 B E:\NSBCE 4\Documentation\BigRedToolbox\ctl_NetCode.htm <-- nsbasic /home/nsbasic/public_html/ce/info/nsbce/BigRedToolbox ctl_NetCode.htm
2002.06.06 09:37 B E:\NSBCE 4\Documentation\BigRedToolbox\ctl_MX.htm <-- nsbasic /home/nsbasic/public_html/ce/info/nsbce/BigRedToolbox ctl_MX.htm
2002.06.06 09:37 B E:\NSBCE 4\Documentation\BigRedToolbox\ctl_MIME.htm <-- nsbasic /home/nsbasic/public_html/ce/info/nsbce/BigRedToolbox ctl_MIME.htm
2002.06.06 09:37 B E:\NSBCE 4\Documentation\BigRedToolbox\ctl_MCast.htm <-- nsbasic /home/nsbasic/public_html/ce/info/nsbce/BigRedToolbox ctl_MCast.htm
2002.06.06 09:37 B E:\NSBCE 4\Documentation\BigRedToolbox\ctl_LDAP.htm <-- nsbasic /home/nsbasic/public_html/ce/info/nsbce/BigRedToolbox ctl_LDAP.htm
2002.06.06 09:37 B E:\NSBCE 4\Documentation\BigRedToolbox\ctl_IPPort.htm <-- nsbasic /home/nsbasic/public_html/ce/info/nsbce/BigRedToolbox ctl_IPPort.htm
2002.06.06 09:37 B E:\NSBCE 4\Documentation\BigRedToolbox\ctl_IPInfo.htm <-- nsbasic /home/nsbasic/public_html/ce/info/nsbce/BigRedToolbox ctl_IPInfo.htm
2002.06.06 09:37 B E:\NSBCE 4\Documentation\BigRedToolbox\ctl_IPDaemon.htm <-- nsbasic /home/nsbasic/public_html/ce/info/nsbce/BigRedToolbox ctl_IPDaemon.htm
2002.06.06 09:37 B E:\NSBCE 4\Documentation\BigRedToolbox\ctl_IMAP.htm <-- nsbasic /home/nsbasic/public_html/ce/info/nsbce/BigRedToolbox ctl_IMAP.htm
2002.06.06 09:37 B E:\NSBCE 4\Documentation\BigRedToolbox\ctl_ICMPPort.htm <-- nsbasic /home/nsbasic/public_html/ce/info/nsbce/BigRedToolbox ctl_ICMPPort.htm
2002.06.06 09:37 B E:\NSBCE 4\Documentation\BigRedToolbox\ctl_ickXMLp.htm <-- nsbasic /home/nsbasic/public_html/ce/info/nsbce/BigRedToolbox ctl_ickXMLp.htm
2002.06.06 09:37 B E:\NSBCE 4\Documentation\BigRedToolbox\ctl_ickNetDial.htm <-- nsbasic /home/nsbasic/public_html/ce/info/nsbce/BigRedToolbox ctl_ickNetDial.htm
2002.06.06 09:37 B E:\NSBCE 4\Documentation\BigRedToolbox\ctl_ickHTTPS.htm <-- nsbasic /home/nsbasic/public_html/ce/info/nsbce/BigRedToolbox ctl_ickHTTPS.htm
2002.06.06 09:37 B E:\NSBCE 4\Documentation\BigRedToolbox\ctl_ickHTTP.htm <-- nsbasic /home/nsbasic/public_html/ce/info/nsbce/BigRedToolbox ctl_ickHTTP.htm
2002.06.06 09:37 B E:\NSBCE 4\Documentation\BigRedToolbox\ctl_ickFTP.htm <-- nsbasic /home/nsbasic/public_html/ce/info/nsbce/BigRedToolbox ctl_ickFTP.htm
2002.06.06 09:37 B E:\NSBCE 4\Documentation\BigRedToolbox\ctl_HTTP.htm <-- nsbasic /home/nsbasic/public_html/ce/info/nsbce/BigRedToolbox ctl_HTTP.htm
2002.06.06 09:37 B E:\NSBCE 4\Documentation\BigRedToolbox\ctl_FTP.htm <-- nsbasic /home/nsbasic/public_html/ce/info/nsbce/BigRedToolbox ctl_FTP.htm
