Warning: Section [DestinationDirs] key "Files.Windows" is not using the string "%InstallDir%"
Warning: Section [DestinationDirs] key "Files.Samples" is not using the string "%InstallDir%"
Warning: Section [DestinationDirs] key "Files.SamplesPPC" is not a valid file list
Warning: Section [AddRegistry.All] has no data
Warning: Section [DefaultInstall] key "AddReg" - there are no section entries to process
Warning: Section [DestinationDirs] key "Files.Windows" is not using the string "%InstallDir%"
Warning: Section [DestinationDirs] key "Files.Samples" is not using the string "%InstallDir%"
Warning: Section [DestinationDirs] key "Files.SamplesPPC" is not a valid file list
Warning: Section [AddRegistry.All] has no data
Warning: Section [DefaultInstall] key "AddReg" - there are no section entries to process
Warning: Section [DestinationDirs] key "Files.Windows" is not using the string "%InstallDir%"
Warning: Section [DestinationDirs] key "Files.Samples" is not using the string "%InstallDir%"
Warning: Section [DestinationDirs] key "Files.SamplesPPC" is not a valid file list
Warning: Section [AddRegistry.All] has no data
Warning: Section [DefaultInstall] key "AddReg" - there are no section entries to process
Warning: Section [DestinationDirs] key "Files.Windows" is not using the string "%InstallDir%"
Warning: Section [DestinationDirs] key "Files.Samples" is not using the string "%InstallDir%"
Warning: Section [DestinationDirs] key "Files.SamplesPPC" is not a valid file list
Warning: Section [AddRegistry.All] has no data
Warning: Section [DefaultInstall] key "AddReg" - there are no section entries to process
Warning: Section [DestinationDirs] key "Files.Windows" is not using the string "%InstallDir%"
Warning: Section [DestinationDirs] key "Files.Samples" is not using the string "%InstallDir%"
Warning: Section [DestinationDirs] key "Files.SamplesPPC" is not a valid file list
Warning: Section [AddRegistry.All] has no data
Warning: Section [DefaultInstall] key "AddReg" - there are no section entries to process
Warning: Section [DestinationDirs] key "Files.Windows" is not using the string "%InstallDir%"
Warning: Section [DestinationDirs] key "Files.Samples" is not using the string "%InstallDir%"
Warning: Section [DestinationDirs] key "Files.SamplesPPC" is not a valid file list
Warning: Section [AddRegistry.All] has no data
Warning: Section [DefaultInstall] key "AddReg" - there are no section entries to process
Warning: Section [DestinationDirs] key "Files.Windows" is not using the string "%InstallDir%"
Warning: Section [DestinationDirs] key "Files.Samples" is not a valid file list
Warning: Section [DestinationDirs] key "Files.SamplesPPC" is not using the string "%InstallDir%"
Warning: Section [AddRegistry.All] has no data
Warning: Section [DefaultInstall] key "AddReg" - there are no section entries to process
Warning: Section [DestinationDirs] key "Files.Windows" is not using the string "%InstallDir%"
Warning: Section [DestinationDirs] key "Files.Samples" is not a valid file list
Warning: Section [DestinationDirs] key "Files.SamplesPPC" is not using the string "%InstallDir%"
Warning: Section [AddRegistry.All] has no data
Warning: Section [DefaultInstall] key "AddReg" - there are no section entries to process
Warning: Section [DestinationDirs] key "Files.Windows" is not using the string "%InstallDir%"
Warning: Section [DestinationDirs] key "Files.Samples" is not a valid file list
Warning: Section [DestinationDirs] key "Files.SamplesPPC" is not using the string "%InstallDir%"
Warning: Section [AddRegistry.All] has no data
Warning: Section [DefaultInstall] key "AddReg" - there are no section entries to process
Warning: Section [DestinationDirs] key "Files.Windows" is not using the string "%InstallDir%"
Warning: Section [DestinationDirs] key "Files.Samples" is not a valid file list
Warning: Section [DestinationDirs] key "Files.SamplesPPC" is not using the string "%InstallDir%"
Warning: Section [AddRegistry.All] has no data
Warning: Section [DefaultInstall] key "AddReg" - there are no section entries to process
Warning: Section [DestinationDirs] key "Files.Windows" is not using the string "%InstallDir%"
Warning: Section [DestinationDirs] key "Files.Samples" is not a valid file list
Warning: Section [DestinationDirs] key "Files.SamplesPPC" is not using the string "%InstallDir%"
Warning: Section [AddRegistry.All] has no data
Warning: Section [DefaultInstall] key "AddReg" - there are no section entries to process
