2002.06.06 09:36 B E:\NSBCE 4\Documentation\BigRedToolbox\samples\VUMeter.htm <-- nsbasic /home/nsbasic/public_html/ce/info/nsbce/BigRedToolbox/samples VUMeter.htm
2002.06.06 09:36 B E:\NSBCE 4\Documentation\BigRedToolbox\samples\TreeEx2.htm <-- nsbasic /home/nsbasic/public_html/ce/info/nsbce/BigRedToolbox/samples TreeEx2.htm
2002.06.06 09:36 B E:\NSBCE 4\Documentation\BigRedToolbox\samples\TreeEx.htm <-- nsbasic /home/nsbasic/public_html/ce/info/nsbce/BigRedToolbox/samples TreeEx.htm
2002.06.06 09:36 B E:\NSBCE 4\Documentation\BigRedToolbox\samples\Tray.htm <-- nsbasic /home/nsbasic/public_html/ce/info/nsbce/BigRedToolbox/samples Tray.htm
2002.06.06 09:36 B E:\NSBCE 4\Documentation\BigRedToolbox\samples\Trackbars.htm <-- nsbasic /home/nsbasic/public_html/ce/info/nsbce/BigRedToolbox/samples Trackbars.htm
2002.06.06 09:36 B E:\NSBCE 4\Documentation\BigRedToolbox\samples\Timer.htm <-- nsbasic /home/nsbasic/public_html/ce/info/nsbce/BigRedToolbox/samples Timer.htm
2002.06.06 09:36 B E:\NSBCE 4\Documentation\BigRedToolbox\samples\StatusBar.htm <-- nsbasic /home/nsbasic/public_html/ce/info/nsbce/BigRedToolbox/samples StatusBar.htm
2002.06.06 09:36 B E:\NSBCE 4\Documentation\BigRedToolbox\samples\Scrollbars.htm <-- nsbasic /home/nsbasic/public_html/ce/info/nsbce/BigRedToolbox/samples Scrollbars.htm
2002.06.06 09:36 B E:\NSBCE 4\Documentation\BigRedToolbox\samples\S309UserNotification.htm <-- nsbasic /home/nsbasic/public_html/ce/info/nsbce/BigRedToolbox/samples S309UserNotification.htm
2002.06.06 09:36 B E:\NSBCE 4\Documentation\BigRedToolbox\samples\S309Timer.htm <-- nsbasic /home/nsbasic/public_html/ce/info/nsbce/BigRedToolbox/samples S309Timer.htm
2002.06.06 09:36 B E:\NSBCE 4\Documentation\BigRedToolbox\samples\S309PyramidSolitaire.htm <-- nsbasic /home/nsbasic/public_html/ce/info/nsbce/BigRedToolbox/samples S309PyramidSolitaire.htm
2002.06.06 09:36 B E:\NSBCE 4\Documentation\BigRedToolbox\samples\S309PictureBoxResource.htm <-- nsbasic /home/nsbasic/public_html/ce/info/nsbce/BigRedToolbox/samples S309PictureBoxResource.htm
2002.06.06 09:36 B E:\NSBCE 4\Documentation\BigRedToolbox\samples\S309PictureBoxPlayingCard.htm <-- nsbasic /home/nsbasic/public_html/ce/info/nsbce/BigRedToolbox/samples S309PictureBoxPlayingCard.htm
2002.06.06 09:36 B E:\NSBCE 4\Documentation\BigRedToolbox\samples\S309PictureBoxDrawing.htm <-- nsbasic /home/nsbasic/public_html/ce/info/nsbce/BigRedToolbox/samples S309PictureBoxDrawing.htm
2002.06.06 09:36 B E:\NSBCE 4\Documentation\BigRedToolbox\samples\S309PictureBoxCapture.htm <-- nsbasic /home/nsbasic/public_html/ce/info/nsbce/BigRedToolbox/samples S309PictureBoxCapture.htm
2002.06.06 09:36 B E:\NSBCE 4\Documentation\BigRedToolbox\samples\S309PictureBoxBitmaps.htm <-- nsbasic /home/nsbasic/public_html/ce/info/nsbce/BigRedToolbox/samples S309PictureBoxBitmaps.htm
2002.06.06 09:36 B E:\NSBCE 4\Documentation\BigRedToolbox\samples\S309PictureBox.htm <-- nsbasic /home/nsbasic/public_html/ce/info/nsbce/BigRedToolbox/samples S309PictureBox.htm
2002.06.06 09:36 B E:\NSBCE 4\Documentation\BigRedToolbox\samples\RichEdit.htm <-- nsbasic /home/nsbasic/public_html/ce/info/nsbce/BigRedToolbox/samples RichEdit.htm
2002.06.06 09:36 B E:\NSBCE 4\Documentation\BigRedToolbox\samples\Registry.txt <-- nsbasic /home/nsbasic/public_html/ce/info/nsbce/BigRedToolbox/samples Registry.txt
2002.06.06 09:36 B E:\NSBCE 4\Documentation\BigRedToolbox\samples\RASTest.htm <-- nsbasic /home/nsbasic/public_html/ce/info/nsbce/BigRedToolbox/samples RASTest.htm
2002.06.06 09:36 B E:\NSBCE 4\Documentation\BigRedToolbox\samples\Progress.htm <-- nsbasic /home/nsbasic/public_html/ce/info/nsbce/BigRedToolbox/samples Progress.htm
2002.06.06 09:36 B E:\NSBCE 4\Documentation\BigRedToolbox\samples\Popup.htm <-- nsbasic /home/nsbasic/public_html/ce/info/nsbce/BigRedToolbox/samples Popup.htm
2002.06.06 09:36 B E:\NSBCE 4\Documentation\BigRedToolbox\samples\MailTest.htm <-- nsbasic /home/nsbasic/public_html/ce/info/nsbce/BigRedToolbox/samples MailTest.htm
2002.06.06 09:36 B E:\NSBCE 4\Documentation\BigRedToolbox\samples\Login.htm <-- nsbasic /home/nsbasic/public_html/ce/info/nsbce/BigRedToolbox/samples Login.htm
2002.06.06 09:36 B E:\NSBCE 4\Documentation\BigRedToolbox\samples\ListView.htm <-- nsbasic /home/nsbasic/public_html/ce/info/nsbce/BigRedToolbox/samples ListView.htm
2002.06.06 09:36 B E:\NSBCE 4\Documentation\BigRedToolbox\samples\IPAddress.htm <-- nsbasic /home/nsbasic/public_html/ce/info/nsbce/BigRedToolbox/samples IPAddress.htm
2002.06.06 09:36 B E:\NSBCE 4\Documentation\BigRedToolbox\samples\Inkpad.htm <-- nsbasic /home/nsbasic/public_html/ce/info/nsbce/BigRedToolbox/samples Inkpad.htm
2002.06.06 09:36 B E:\NSBCE 4\Documentation\BigRedToolbox\samples\HTML3.htm <-- nsbasic /home/nsbasic/public_html/ce/info/nsbce/BigRedToolbox/samples HTML3.htm
2002.06.06 09:36 B E:\NSBCE 4\Documentation\BigRedToolbox\samples\HTML2.htm <-- nsbasic /home/nsbasic/public_html/ce/info/nsbce/BigRedToolbox/samples HTML2.htm
2002.06.06 09:36 B E:\NSBCE 4\Documentation\BigRedToolbox\samples\HTML1.htm <-- nsbasic /home/nsbasic/public_html/ce/info/nsbce/BigRedToolbox/samples HTML1.htm
2002.06.06 09:36 B E:\NSBCE 4\Documentation\BigRedToolbox\samples\HelloDialog.htm <-- nsbasic /home/nsbasic/public_html/ce/info/nsbce/BigRedToolbox/samples HelloDialog.htm
2002.06.06 09:36 B E:\NSBCE 4\Documentation\BigRedToolbox\samples\Find.htm <-- nsbasic /home/nsbasic/public_html/ce/info/nsbce/BigRedToolbox/samples Find.htm
2002.06.06 09:36 B E:\NSBCE 4\Documentation\BigRedToolbox\samples\DialogX.htm <-- nsbasic /home/nsbasic/public_html/ce/info/nsbce/BigRedToolbox/samples DialogX.htm
2002.06.06 09:36 B E:\NSBCE 4\Documentation\BigRedToolbox\samples\CETweak.htm <-- nsbasic /home/nsbasic/public_html/ce/info/nsbce/BigRedToolbox/samples CETweak.htm
2002.06.06 09:36 B E:\NSBCE 4\Documentation\BigRedToolbox\samples\APIStatus.txt <-- nsbasic /home/nsbasic/public_html/ce/info/nsbce/BigRedToolbox/samples APIStatus.txt
2002.06.06 09:36 B E:\NSBCE 4\Documentation\BigRedToolbox\samples\APIShell.txt <-- nsbasic /home/nsbasic/public_html/ce/info/nsbce/BigRedToolbox/samples APIShell.txt
2002.06.06 09:36 B E:\NSBCE 4\Documentation\BigRedToolbox\samples\APIMisc.txt <-- nsbasic /home/nsbasic/public_html/ce/info/nsbce/BigRedToolbox/samples APIMisc.txt
2002.06.06 09:36 B E:\NSBCE 4\Documentation\BigRedToolbox\samples\APIEvent.txt <-- nsbasic /home/nsbasic/public_html/ce/info/nsbce/BigRedToolbox/samples APIEvent.txt
