2002.12.16 16:17 B E:\NSBCE 4\Device VNSB\CmdLine.cpp --> www.nsbasic.com /home/nsbasic/dev/Device VNSB CmdLine.cpp
2002.12.16 16:17 B E:\NSBCE 4\Device VNSB\CodeDlg.cpp --> www.nsbasic.com /home/nsbasic/dev/Device VNSB CodeDlg.cpp
2002.12.16 16:17 B E:\NSBCE 4\Device VNSB\CodeDlg.h --> www.nsbasic.com /home/nsbasic/dev/Device VNSB CodeDlg.h
2002.12.16 16:17 B E:\NSBCE 4\Device VNSB\ComObjectDlg.cpp --> www.nsbasic.com /home/nsbasic/dev/Device VNSB ComObjectDlg.cpp
2002.12.16 16:17 B E:\NSBCE 4\Device VNSB\ComObjectDlg.h --> www.nsbasic.com /home/nsbasic/dev/Device VNSB ComObjectDlg.h
2002.12.16 16:17 B E:\NSBCE 4\Device VNSB\CustomEditor.cpp --> www.nsbasic.com /home/nsbasic/dev/Device VNSB CustomEditor.cpp
2002.12.16 16:17 B E:\NSBCE 4\Device VNSB\CustomEditor.h --> www.nsbasic.com /home/nsbasic/dev/Device VNSB CustomEditor.h
2002.12.16 16:17 B E:\NSBCE 4\Device VNSB\MainFrm.cpp --> www.nsbasic.com /home/nsbasic/dev/Device VNSB MainFrm.cpp
2002.12.16 16:17 B E:\NSBCE 4\Device VNSB\MainFrm.h --> www.nsbasic.com /home/nsbasic/dev/Device VNSB MainFrm.h
2002.12.16 16:17 B E:\NSBCE 4\Device VNSB\MenuEditorDlg.cpp --> www.nsbasic.com /home/nsbasic/dev/Device VNSB MenuEditorDlg.cpp
2002.12.16 16:17 B E:\NSBCE 4\Device VNSB\MenuEditorDlg.h --> www.nsbasic.com /home/nsbasic/dev/Device VNSB MenuEditorDlg.h
2002.12.16 16:17 B E:\NSBCE 4\Device VNSB\NSBForm.cpp --> www.nsbasic.com /home/nsbasic/dev/Device VNSB NSBForm.cpp
2002.12.16 16:17 B E:\NSBCE 4\Device VNSB\NSBForm.h --> www.nsbasic.com /home/nsbasic/dev/Device VNSB NSBForm.h
2002.12.16 16:17 B E:\NSBCE 4\Device VNSB\NSBFormObjectView.cpp --> www.nsbasic.com /home/nsbasic/dev/Device VNSB NSBFormObjectView.cpp
2002.12.16 16:17 B E:\NSBCE 4\Device VNSB\NSBFormObjectView.h --> www.nsbasic.com /home/nsbasic/dev/Device VNSB NSBFormObjectView.h
2002.12.16 16:17 B E:\NSBCE 4\Device VNSB\NSBObjects.h --> www.nsbasic.com /home/nsbasic/dev/Device VNSB NSBObjects.h
2002.12.16 16:17 B E:\NSBCE 4\Device VNSB\ObjProps.txt --> www.nsbasic.com /home/nsbasic/dev/Device VNSB ObjProps.txt
2002.12.16 16:17 B E:\NSBCE 4\Device VNSB\PropEditorDlg.cpp --> www.nsbasic.com /home/nsbasic/dev/Device VNSB PropEditorDlg.cpp
2002.12.16 16:17 B E:\NSBCE 4\Device VNSB\PropEditorDlg.h --> www.nsbasic.com /home/nsbasic/dev/Device VNSB PropEditorDlg.h
2002.12.16 16:17 B E:\NSBCE 4\Device VNSB\Resource.h --> www.nsbasic.com /home/nsbasic/dev/Device VNSB Resource.h
2002.12.16 16:17 B E:\NSBCE 4\Device VNSB\RoadMap.txt --> www.nsbasic.com /home/nsbasic/dev/Device VNSB RoadMap.txt
2002.12.16 16:17 B E:\NSBCE 4\Device VNSB\SelectObjectDlg.cpp --> www.nsbasic.com /home/nsbasic/dev/Device VNSB SelectObjectDlg.cpp
2002.12.16 16:17 B E:\NSBCE 4\Device VNSB\SelectObjectDlg.h --> www.nsbasic.com /home/nsbasic/dev/Device VNSB SelectObjectDlg.h
2002.12.16 16:17 B E:\NSBCE 4\Device VNSB\StdAfx.cpp --> www.nsbasic.com /home/nsbasic/dev/Device VNSB StdAfx.cpp
2002.12.16 16:17 B E:\NSBCE 4\Device VNSB\StdAfx.h --> www.nsbasic.com /home/nsbasic/dev/Device VNSB StdAfx.h
2002.12.16 16:17 B E:\NSBCE 4\Device VNSB\VNSB.APS --> www.nsbasic.com /home/nsbasic/dev/Device VNSB VNSB.APS
2002.12.16 16:17 B E:\NSBCE 4\Device VNSB\VNSB.clw --> www.nsbasic.com /home/nsbasic/dev/Device VNSB VNSB.clw
2002.12.16 16:17 B E:\NSBCE 4\Device VNSB\VNSB.cpp --> www.nsbasic.com /home/nsbasic/dev/Device VNSB VNSB.cpp
2002.12.16 16:18 B E:\NSBCE 4\Device VNSB\VNSB.dsp --> www.nsbasic.com /home/nsbasic/dev/Device VNSB VNSB.dsp
2002.12.16 16:18 B E:\NSBCE 4\Device VNSB\VNSB.dsw --> www.nsbasic.com /home/nsbasic/dev/Device VNSB VNSB.dsw
2002.12.16 16:18 B E:\NSBCE 4\Device VNSB\VNSB.h --> www.nsbasic.com /home/nsbasic/dev/Device VNSB VNSB.h
2002.12.16 16:18 B E:\NSBCE 4\Device VNSB\VNSB.ncb --> www.nsbasic.com /home/nsbasic/dev/Device VNSB VNSB.ncb
2002.12.16 16:18 B E:\NSBCE 4\Device VNSB\VNSB.opt --> www.nsbasic.com /home/nsbasic/dev/Device VNSB VNSB.opt
2002.12.16 16:18 B E:\NSBCE 4\Device VNSB\VNSB.plg --> www.nsbasic.com /home/nsbasic/dev/Device VNSB VNSB.plg
2002.12.16 16:18 B E:\NSBCE 4\Device VNSB\VNSB.rc --> www.nsbasic.com /home/nsbasic/dev/Device VNSB VNSB.rc
2002.12.16 16:19 B E:\NSBCE 4\Device VNSB\VNSB.vcb --> www.nsbasic.com /home/nsbasic/dev/Device VNSB VNSB.vcb
2002.12.16 16:19 B E:\NSBCE 4\Device VNSB\VNSB.vcc --> www.nsbasic.com /home/nsbasic/dev/Device VNSB VNSB.vcc
2002.12.16 16:19 B E:\NSBCE 4\Device VNSB\VNSB.vcl --> www.nsbasic.com /home/nsbasic/dev/Device VNSB VNSB.vcl
2002.12.16 16:19 B E:\NSBCE 4\Device VNSB\VNSB.vco --> www.nsbasic.com /home/nsbasic/dev/Device VNSB VNSB.vco
2002.12.16 16:19 B E:\NSBCE 4\Device VNSB\VNSB.vcp --> www.nsbasic.com /home/nsbasic/dev/Device VNSB VNSB.vcp
2002.12.16 16:19 B E:\NSBCE 4\Device VNSB\VNSB.vcw --> www.nsbasic.com /home/nsbasic/dev/Device VNSB VNSB.vcw
2002.12.16 16:19 B E:\NSBCE 4\Device VNSB\VNSBDlg.cpp --> www.nsbasic.com /home/nsbasic/dev/Device VNSB VNSBDlg.cpp
2002.12.16 16:19 B E:\NSBCE 4\Device VNSB\VNSBDlg.h --> www.nsbasic.com /home/nsbasic/dev/Device VNSB VNSBDlg.h
2002.12.16 16:19 B E:\NSBCE 4\Device VNSB\VNSBDoc.cpp --> www.nsbasic.com /home/nsbasic/dev/Device VNSB VNSBDoc.cpp
2002.12.16 16:19 B E:\NSBCE 4\Device VNSB\VNSBDoc.h --> www.nsbasic.com /home/nsbasic/dev/Device VNSB VNSBDoc.h
2002.12.16 16:19 B E:\NSBCE 4\Device VNSB\VNSBView.cpp --> www.nsbasic.com /home/nsbasic/dev/Device VNSB VNSBView.cpp
2002.12.16 16:19 B E:\NSBCE 4\Device VNSB\VNSBView.h --> www.nsbasic.com /home/nsbasic/dev/Device VNSB VNSBView.h
2002.12.18 17:59 B E:\NSBCE 4\Device VNSB\CmdLine.cpp --> www.nsbasic.com /home/nsbasic/dev/Device VNSB CmdLine.cpp
2002.12.18 17:59 B E:\NSBCE 4\Device VNSB\CodeDlg.cpp --> www.nsbasic.com /home/nsbasic/dev/Device VNSB CodeDlg.cpp
2002.12.18 18:00 B E:\NSBCE 4\Device VNSB\CodeDlg.h --> www.nsbasic.com /home/nsbasic/dev/Device VNSB CodeDlg.h
2002.12.18 18:00 B E:\NSBCE 4\Device VNSB\ComObjectDlg.cpp --> www.nsbasic.com /home/nsbasic/dev/Device VNSB ComObjectDlg.cpp
2002.12.18 18:00 B E:\NSBCE 4\Device VNSB\ComObjectDlg.h --> www.nsbasic.com /home/nsbasic/dev/Device VNSB ComObjectDlg.h
2002.12.18 18:00 B E:\NSBCE 4\Device VNSB\compile.bat --> www.nsbasic.com /home/nsbasic/dev/Device VNSB compile.bat
2002.12.18 18:00 B E:\NSBCE 4\Device VNSB\compileErr.txt --> www.nsbasic.com /home/nsbasic/dev/Device VNSB compileErr.txt
2002.12.18 18:00 B E:\NSBCE 4\Device VNSB\CustomEditor.cpp --> www.nsbasic.com /home/nsbasic/dev/Device VNSB CustomEditor.cpp
2002.12.18 18:00 B E:\NSBCE 4\Device VNSB\CustomEditor.h --> www.nsbasic.com /home/nsbasic/dev/Device VNSB CustomEditor.h
2002.12.18 18:00 B E:\NSBCE 4\Device VNSB\MainFrm.cpp --> www.nsbasic.com /home/nsbasic/dev/Device VNSB MainFrm.cpp
2002.12.18 18:00 B E:\NSBCE 4\Device VNSB\MainFrm.h --> www.nsbasic.com /home/nsbasic/dev/Device VNSB MainFrm.h
2002.12.18 18:00 B E:\NSBCE 4\Device VNSB\MenuEditorDlg.cpp --> www.nsbasic.com /home/nsbasic/dev/Device VNSB MenuEditorDlg.cpp
2002.12.18 18:00 B E:\NSBCE 4\Device VNSB\MenuEditorDlg.h --> www.nsbasic.com /home/nsbasic/dev/Device VNSB MenuEditorDlg.h
2002.12.18 18:00 B E:\NSBCE 4\Device VNSB\NSBForm.cpp --> www.nsbasic.com /home/nsbasic/dev/Device VNSB NSBForm.cpp
2002.12.18 18:00 B E:\NSBCE 4\Device VNSB\NSBForm.h --> www.nsbasic.com /home/nsbasic/dev/Device VNSB NSBForm.h
2002.12.18 18:00 B E:\NSBCE 4\Device VNSB\NSBFormObjectView.cpp --> www.nsbasic.com /home/nsbasic/dev/Device VNSB NSBFormObjectView.cpp
2002.12.18 18:00 B E:\NSBCE 4\Device VNSB\NSBFormObjectView.h --> www.nsbasic.com /home/nsbasic/dev/Device VNSB NSBFormObjectView.h
2002.12.18 18:00 B E:\NSBCE 4\Device VNSB\NSBObjects.h --> www.nsbasic.com /home/nsbasic/dev/Device VNSB NSBObjects.h
2002.12.18 18:00 B E:\NSBCE 4\Device VNSB\ObjProps.txt --> www.nsbasic.com /home/nsbasic/dev/Device VNSB ObjProps.txt
2002.12.18 18:00 B E:\NSBCE 4\Device VNSB\PropEditorDlg.cpp --> www.nsbasic.com /home/nsbasic/dev/Device VNSB PropEditorDlg.cpp
2002.12.18 18:00 B E:\NSBCE 4\Device VNSB\PropEditorDlg.h --> www.nsbasic.com /home/nsbasic/dev/Device VNSB PropEditorDlg.h
2002.12.18 18:00 B E:\NSBCE 4\Device VNSB\Resource.h --> www.nsbasic.com /home/nsbasic/dev/Device VNSB Resource.h
2002.12.18 18:00 B E:\NSBCE 4\Device VNSB\RoadMap.txt --> www.nsbasic.com /home/nsbasic/dev/Device VNSB RoadMap.txt
2002.12.18 18:00 B E:\NSBCE 4\Device VNSB\SelectObjectDlg.cpp --> www.nsbasic.com /home/nsbasic/dev/Device VNSB SelectObjectDlg.cpp
2002.12.18 18:00 B E:\NSBCE 4\Device VNSB\SelectObjectDlg.h --> www.nsbasic.com /home/nsbasic/dev/Device VNSB SelectObjectDlg.h
2002.12.18 18:00 B E:\NSBCE 4\Device VNSB\StdAfx.cpp --> www.nsbasic.com /home/nsbasic/dev/Device VNSB StdAfx.cpp
2002.12.18 18:00 B E:\NSBCE 4\Device VNSB\StdAfx.h --> www.nsbasic.com /home/nsbasic/dev/Device VNSB StdAfx.h
2002.12.18 18:00 B E:\NSBCE 4\Device VNSB\VNSB.APS --> www.nsbasic.com /home/nsbasic/dev/Device VNSB VNSB.APS
2002.12.18 18:00 B E:\NSBCE 4\Device VNSB\VNSB.clw --> www.nsbasic.com /home/nsbasic/dev/Device VNSB VNSB.clw
2002.12.18 18:00 B E:\NSBCE 4\Device VNSB\VNSB.cpp --> www.nsbasic.com /home/nsbasic/dev/Device VNSB VNSB.cpp
2002.12.18 18:00 B E:\NSBCE 4\Device VNSB\VNSB.dsp --> www.nsbasic.com /home/nsbasic/dev/Device VNSB VNSB.dsp
2002.12.18 18:00 B E:\NSBCE 4\Device VNSB\VNSB.dsw --> www.nsbasic.com /home/nsbasic/dev/Device VNSB VNSB.dsw
2002.12.18 18:00 B E:\NSBCE 4\Device VNSB\VNSB.h --> www.nsbasic.com /home/nsbasic/dev/Device VNSB VNSB.h
2002.12.18 18:01 B E:\NSBCE 4\Device VNSB\VNSB.ncb --> www.nsbasic.com /home/nsbasic/dev/Device VNSB VNSB.ncb
2002.12.18 18:01 B E:\NSBCE 4\Device VNSB\VNSB.opt --> www.nsbasic.com /home/nsbasic/dev/Device VNSB VNSB.opt
2002.12.18 18:01 B E:\NSBCE 4\Device VNSB\VNSB.plg --> www.nsbasic.com /home/nsbasic/dev/Device VNSB VNSB.plg
2002.12.18 18:01 B E:\NSBCE 4\Device VNSB\VNSB.rc --> www.nsbasic.com /home/nsbasic/dev/Device VNSB VNSB.rc
2002.12.18 18:01 B E:\NSBCE 4\Device VNSB\VNSB.vcb --> www.nsbasic.com /home/nsbasic/dev/Device VNSB VNSB.vcb
2002.12.18 18:01 B E:\NSBCE 4\Device VNSB\VNSB.vcc --> www.nsbasic.com /home/nsbasic/dev/Device VNSB VNSB.vcc
2002.12.18 18:01 B E:\NSBCE 4\Device VNSB\VNSB.vcl --> www.nsbasic.com /home/nsbasic/dev/Device VNSB VNSB.vcl
2002.12.18 18:01 B E:\NSBCE 4\Device VNSB\VNSB.vco --> www.nsbasic.com /home/nsbasic/dev/Device VNSB VNSB.vco
2002.12.18 18:01 B E:\NSBCE 4\Device VNSB\VNSB.vcp --> www.nsbasic.com /home/nsbasic/dev/Device VNSB VNSB.vcp
2002.12.18 18:01 B E:\NSBCE 4\Device VNSB\VNSB.vcw --> www.nsbasic.com /home/nsbasic/dev/Device VNSB VNSB.vcw
2002.12.18 18:01 B E:\NSBCE 4\Device VNSB\VNSBDlg.cpp --> www.nsbasic.com /home/nsbasic/dev/Device VNSB VNSBDlg.cpp
2002.12.18 18:01 B E:\NSBCE 4\Device VNSB\VNSBDlg.h --> www.nsbasic.com /home/nsbasic/dev/Device VNSB VNSBDlg.h
2002.12.18 18:01 B E:\NSBCE 4\Device VNSB\VNSBDoc.cpp --> www.nsbasic.com /home/nsbasic/dev/Device VNSB VNSBDoc.cpp
2002.12.18 18:01 B E:\NSBCE 4\Device VNSB\VNSBDoc.h --> www.nsbasic.com /home/nsbasic/dev/Device VNSB VNSBDoc.h
2002.12.18 18:02 B E:\NSBCE 4\Device VNSB\VNSBView.cpp --> www.nsbasic.com /home/nsbasic/dev/Device VNSB VNSBView.cpp
2002.12.18 18:02 B E:\NSBCE 4\Device VNSB\VNSBView.h --> www.nsbasic.com /home/nsbasic/dev/Device VNSB VNSBView.h
2002.12.18 18:02 B E:\NSBCE 4\Device VNSB\WS_FTP.LOG --> www.nsbasic.com /home/nsbasic/dev/Device VNSB WS_FTP.LOG
