2002.06.06 09:36 B E:\NSBCE 4\Documentation\BigRedToolbox\img\vbar.gif <-- nsbasic /home/nsbasic/public_html/ce/info/nsbce/BigRedToolbox/img vbar.gif
2002.06.06 09:36 B E:\NSBCE 4\Documentation\BigRedToolbox\img\vb.gif <-- nsbasic /home/nsbasic/public_html/ce/info/nsbce/BigRedToolbox/img vb.gif
2002.06.06 09:36 B E:\NSBCE 4\Documentation\BigRedToolbox\img\udpport.gif <-- nsbasic /home/nsbasic/public_html/ce/info/nsbce/BigRedToolbox/img udpport.gif
2002.06.06 09:36 B E:\NSBCE 4\Documentation\BigRedToolbox\img\telnet.gif <-- nsbasic /home/nsbasic/public_html/ce/info/nsbce/BigRedToolbox/img telnet.gif
2002.06.06 09:36 B E:\NSBCE 4\Documentation\BigRedToolbox\img\snpp.gif <-- nsbasic /home/nsbasic/public_html/ce/info/nsbce/BigRedToolbox/img snpp.gif
2002.06.06 09:36 B E:\NSBCE 4\Documentation\BigRedToolbox\img\snmp.gif <-- nsbasic /home/nsbasic/public_html/ce/info/nsbce/BigRedToolbox/img snmp.gif
2002.06.06 09:36 B E:\NSBCE 4\Documentation\BigRedToolbox\img\smtp.gif <-- nsbasic /home/nsbasic/public_html/ce/info/nsbce/BigRedToolbox/img smtp.gif
2002.06.06 09:36 B E:\NSBCE 4\Documentation\BigRedToolbox\img\setup.gif <-- nsbasic /home/nsbasic/public_html/ce/info/nsbce/BigRedToolbox/img setup.gif
2002.06.06 09:36 B E:\NSBCE 4\Documentation\BigRedToolbox\img\rshell.gif <-- nsbasic /home/nsbasic/public_html/ce/info/nsbce/BigRedToolbox/img rshell.gif
2002.06.06 09:36 B E:\NSBCE 4\Documentation\BigRedToolbox\img\rexec.gif <-- nsbasic /home/nsbasic/public_html/ce/info/nsbce/BigRedToolbox/img rexec.gif
2002.06.06 09:36 B E:\NSBCE 4\Documentation\BigRedToolbox\img\pop.gif <-- nsbasic /home/nsbasic/public_html/ce/info/nsbce/BigRedToolbox/img pop.gif
2002.06.06 09:36 B E:\NSBCE 4\Documentation\BigRedToolbox\img\order.gif <-- nsbasic /home/nsbasic/public_html/ce/info/nsbce/BigRedToolbox/img order.gif
2002.06.06 09:36 B E:\NSBCE 4\Documentation\BigRedToolbox\img\nntp.gif <-- nsbasic /home/nsbasic/public_html/ce/info/nsbce/BigRedToolbox/img nntp.gif
2002.06.06 09:36 B E:\NSBCE 4\Documentation\BigRedToolbox\img\new.gif <-- nsbasic /home/nsbasic/public_html/ce/info/nsbce/BigRedToolbox/img new.gif
2002.06.06 09:36 B E:\NSBCE 4\Documentation\BigRedToolbox\img\netdial.gif <-- nsbasic /home/nsbasic/public_html/ce/info/nsbce/BigRedToolbox/img netdial.gif
2002.06.06 09:36 B E:\NSBCE 4\Documentation\BigRedToolbox\img\netcode.gif <-- nsbasic /home/nsbasic/public_html/ce/info/nsbce/BigRedToolbox/img netcode.gif
2002.06.06 09:36 B E:\NSBCE 4\Documentation\BigRedToolbox\img\mx.gif <-- nsbasic /home/nsbasic/public_html/ce/info/nsbce/BigRedToolbox/img mx.gif
2002.06.06 09:36 B E:\NSBCE 4\Documentation\BigRedToolbox\img\multicast.gif <-- nsbasic /home/nsbasic/public_html/ce/info/nsbce/BigRedToolbox/img multicast.gif
2002.06.06 09:36 B E:\NSBCE 4\Documentation\BigRedToolbox\img\mime.gif <-- nsbasic /home/nsbasic/public_html/ce/info/nsbce/BigRedToolbox/img mime.gif
2002.06.06 09:36 B E:\NSBCE 4\Documentation\BigRedToolbox\img\mcast.gif <-- nsbasic /home/nsbasic/public_html/ce/info/nsbce/BigRedToolbox/img mcast.gif
2002.06.06 09:36 B E:\NSBCE 4\Documentation\BigRedToolbox\img\mail.gif <-- nsbasic /home/nsbasic/public_html/ce/info/nsbce/BigRedToolbox/img mail.gif
2002.06.06 09:36 B E:\NSBCE 4\Documentation\BigRedToolbox\img\litlstar.gif <-- nsbasic /home/nsbasic/public_html/ce/info/nsbce/BigRedToolbox/img litlstar.gif
2002.06.06 09:36 B E:\NSBCE 4\Documentation\BigRedToolbox\img\ldap.gif <-- nsbasic /home/nsbasic/public_html/ce/info/nsbce/BigRedToolbox/img ldap.gif
2002.06.06 09:36 B E:\NSBCE 4\Documentation\BigRedToolbox\img\kit.gif <-- nsbasic /home/nsbasic/public_html/ce/info/nsbce/BigRedToolbox/img kit.gif
2002.06.06 09:36 B E:\NSBCE 4\Documentation\BigRedToolbox\img\ipwvb.gif <-- nsbasic /home/nsbasic/public_html/ce/info/nsbce/BigRedToolbox/img ipwvb.gif
2002.06.06 09:36 B E:\NSBCE 4\Documentation\BigRedToolbox\img\ipwlogosm.gif <-- nsbasic /home/nsbasic/public_html/ce/info/nsbce/BigRedToolbox/img ipwlogosm.gif
2002.06.06 09:36 B E:\NSBCE 4\Documentation\BigRedToolbox\img\ipwlogo.gif <-- nsbasic /home/nsbasic/public_html/ce/info/nsbce/BigRedToolbox/img ipwlogo.gif
2002.06.06 09:36 B E:\NSBCE 4\Documentation\BigRedToolbox\img\ipwdlph.gif <-- nsbasic /home/nsbasic/public_html/ce/info/nsbce/BigRedToolbox/img ipwdlph.gif
2002.06.06 09:36 B E:\NSBCE 4\Documentation\BigRedToolbox\img\ipwbox.gif <-- nsbasic /home/nsbasic/public_html/ce/info/nsbce/BigRedToolbox/img ipwbox.gif
2002.06.06 09:36 B E:\NSBCE 4\Documentation\BigRedToolbox\img\ipwacx.gif <-- nsbasic /home/nsbasic/public_html/ce/info/nsbce/BigRedToolbox/img ipwacx.gif
2002.06.06 09:36 B E:\NSBCE 4\Documentation\BigRedToolbox\img\ipport.gif <-- nsbasic /home/nsbasic/public_html/ce/info/nsbce/BigRedToolbox/img ipport.gif
2002.06.06 09:36 B E:\NSBCE 4\Documentation\BigRedToolbox\img\ipinfo.gif <-- nsbasic /home/nsbasic/public_html/ce/info/nsbce/BigRedToolbox/img ipinfo.gif
2002.06.06 09:36 B E:\NSBCE 4\Documentation\BigRedToolbox\img\ipdaemon.gif <-- nsbasic /home/nsbasic/public_html/ce/info/nsbce/BigRedToolbox/img ipdaemon.gif
2002.06.06 09:36 B E:\NSBCE 4\Documentation\BigRedToolbox\img\imap.gif <-- nsbasic /home/nsbasic/public_html/ce/info/nsbce/BigRedToolbox/img imap.gif
2002.06.06 09:36 B E:\NSBCE 4\Documentation\BigRedToolbox\img\icmpport.gif <-- nsbasic /home/nsbasic/public_html/ce/info/nsbce/BigRedToolbox/img icmpport.gif
2002.06.06 09:36 B E:\NSBCE 4\Documentation\BigRedToolbox\img\ickxmlp.gif <-- nsbasic /home/nsbasic/public_html/ce/info/nsbce/BigRedToolbox/img ickxmlp.gif
2002.06.06 09:36 B E:\NSBCE 4\Documentation\BigRedToolbox\img\icknetdial.gif <-- nsbasic /home/nsbasic/public_html/ce/info/nsbce/BigRedToolbox/img icknetdial.gif
2002.06.06 09:36 B E:\NSBCE 4\Documentation\BigRedToolbox\img\ickhttps.gif <-- nsbasic /home/nsbasic/public_html/ce/info/nsbce/BigRedToolbox/img ickhttps.gif
2002.06.06 09:36 B E:\NSBCE 4\Documentation\BigRedToolbox\img\ickhttp.gif <-- nsbasic /home/nsbasic/public_html/ce/info/nsbce/BigRedToolbox/img ickhttp.gif
2002.06.06 09:36 B E:\NSBCE 4\Documentation\BigRedToolbox\img\ickftp.gif <-- nsbasic /home/nsbasic/public_html/ce/info/nsbce/BigRedToolbox/img ickftp.gif
2002.06.06 09:36 B E:\NSBCE 4\Documentation\BigRedToolbox\img\ickbox.gif <-- nsbasic /home/nsbasic/public_html/ce/info/nsbce/BigRedToolbox/img ickbox.gif
2002.06.06 09:36 B E:\NSBCE 4\Documentation\BigRedToolbox\img\ick.gif <-- nsbasic /home/nsbasic/public_html/ce/info/nsbce/BigRedToolbox/img ick.gif
2002.06.06 09:36 B E:\NSBCE 4\Documentation\BigRedToolbox\img\http.gif <-- nsbasic /home/nsbasic/public_html/ce/info/nsbce/BigRedToolbox/img http.gif
2002.06.06 09:36 B E:\NSBCE 4\Documentation\BigRedToolbox\img\ftp.gif <-- nsbasic /home/nsbasic/public_html/ce/info/nsbce/BigRedToolbox/img ftp.gif
2002.06.06 09:36 B E:\NSBCE 4\Documentation\BigRedToolbox\img\dslogob.gif <-- nsbasic /home/nsbasic/public_html/ce/info/nsbce/BigRedToolbox/img dslogob.gif
2002.06.06 09:37 B E:\NSBCE 4\Documentation\BigRedToolbox\img\check.gif <-- nsbasic /home/nsbasic/public_html/ce/info/nsbce/BigRedToolbox/img check.gif
2002.06.06 09:37 B E:\NSBCE 4\Documentation\BigRedToolbox\img\bullet.gif <-- nsbasic /home/nsbasic/public_html/ce/info/nsbce/BigRedToolbox/img bullet.gif
2002.06.06 09:37 B E:\NSBCE 4\Documentation\BigRedToolbox\img\bluebull.gif <-- nsbasic /home/nsbasic/public_html/ce/info/nsbce/BigRedToolbox/img bluebull.gif
